mode: set
github.com/mathesukkj/gourl-shortener/api/errors.go:9.77,11.2 1 0
github.com/mathesukkj/gourl-shortener/api/server.go:25.37,26.60 1 0
github.com/mathesukkj/gourl-shortener/api/server.go:26.60,28.3 1 0
github.com/mathesukkj/gourl-shortener/api/server.go:31.57,33.2 1 0
github.com/mathesukkj/gourl-shortener/api/server.go:35.35,38.2 2 0
github.com/mathesukkj/gourl-shortener/api/server.go:40.77,43.49 2 0
github.com/mathesukkj/gourl-shortener/api/server.go:43.49,48.3 2 0
github.com/mathesukkj/gourl-shortener/api/server.go:50.2,51.16 2 0
github.com/mathesukkj/gourl-shortener/api/server.go:51.16,56.3 2 0
github.com/mathesukkj/gourl-shortener/api/server.go:58.2,62.4 2 0
github.com/mathesukkj/gourl-shortener/api/server.go:65.85,69.16 3 0
github.com/mathesukkj/gourl-shortener/api/server.go:69.16,72.3 2 0
github.com/mathesukkj/gourl-shortener/api/server.go:74.2,75.16 2 0
github.com/mathesukkj/gourl-shortener/api/server.go:75.16,80.3 2 0
github.com/mathesukkj/gourl-shortener/api/server.go:82.2,82.55 1 0
github.com/mathesukkj/gourl-shortener/api/server.go:85.26,95.2 5 0
github.com/mathesukkj/gourl-shortener/main.go:11.13,17.2 5 0
github.com/mathesukkj/gourl-shortener/sqlite/db.go:9.32,11.16 2 0
github.com/mathesukkj/gourl-shortener/sqlite/db.go:11.16,12.13 1 0
github.com/mathesukkj/gourl-shortener/sqlite/db.go:14.2,14.11 1 0
github.com/mathesukkj/gourl-shortener/sqlite/url.go:13.44,15.2 1 0
github.com/mathesukkj/gourl-shortener/sqlite/url.go:17.70,19.16 2 0
github.com/mathesukkj/gourl-shortener/sqlite/url.go:19.16,21.3 1 0
github.com/mathesukkj/gourl-shortener/sqlite/url.go:22.2,27.16 4 0
github.com/mathesukkj/gourl-shortener/sqlite/url.go:27.16,29.3 1 0
github.com/mathesukkj/gourl-shortener/sqlite/url.go:31.2,37.25 2 0
github.com/mathesukkj/gourl-shortener/sqlite/url.go:40.76,42.16 2 0
github.com/mathesukkj/gourl-shortener/sqlite/url.go:42.16,44.3 1 0
github.com/mathesukkj/gourl-shortener/sqlite/url.go:45.2,48.16 3 0
github.com/mathesukkj/gourl-shortener/sqlite/url.go:48.16,50.3 1 0
github.com/mathesukkj/gourl-shortener/sqlite/url.go:51.2,54.18 3 0
github.com/mathesukkj/gourl-shortener/sqlite/url.go:54.18,55.80 1 0
github.com/mathesukkj/gourl-shortener/sqlite/url.go:55.80,57.4 1 0
github.com/mathesukkj/gourl-shortener/sqlite/url.go:60.2,60.18 1 0
github.com/mathesukkj/gourl-shortener/sqlite/url.go:63.76,71.16 2 0
github.com/mathesukkj/gourl-shortener/sqlite/url.go:71.16,73.3 1 0
github.com/mathesukkj/gourl-shortener/sqlite/url.go:75.2,76.16 2 0
github.com/mathesukkj/gourl-shortener/sqlite/url.go:76.16,78.3 1 0
github.com/mathesukkj/gourl-shortener/sqlite/url.go:80.2,80.20 1 0
github.com/mathesukkj/gourl-shortener/redis/redis.go:15.91,17.2 1 0
github.com/mathesukkj/gourl-shortener/redis/redis.go:19.75,21.2 1 0
github.com/mathesukkj/gourl-shortener/redis/redis.go:23.78,25.2 1 0
github.com/mathesukkj/gourl-shortener/redis/redis.go:27.25,35.2 1 0
github.com/mathesukkj/gourl-shortener/app/url.go:24.49,26.43 2 0
github.com/mathesukkj/gourl-shortener/app/url.go:26.43,28.3 1 0
github.com/mathesukkj/gourl-shortener/app/url.go:30.2,30.12 1 0
github.com/mathesukkj/gourl-shortener/app/url.go:37.75,39.2 1 0
github.com/mathesukkj/gourl-shortener/app/url.go:46.39,50.27 3 0
github.com/mathesukkj/gourl-shortener/app/url.go:50.27,52.3 1 0
github.com/mathesukkj/gourl-shortener/app/url.go:54.2,54.29 1 0
github.com/mathesukkj/gourl-shortener/app/url.go:24.49,26.43 2 0
github.com/mathesukkj/gourl-shortener/app/url.go:26.43,28.3 1 0
github.com/mathesukkj/gourl-shortener/app/url.go:30.2,30.12 1 0
github.com/mathesukkj/gourl-shortener/app/url.go:37.75,39.2 1 0
github.com/mathesukkj/gourl-shortener/app/url.go:46.39,50.27 3 1
github.com/mathesukkj/gourl-shortener/app/url.go:50.27,52.3 1 1
github.com/mathesukkj/gourl-shortener/app/url.go:54.2,54.29 1 1
github.com/mathesukkj/gourl-shortener/sqlite/db.go:9.32,11.16 2 0
github.com/mathesukkj/gourl-shortener/sqlite/db.go:11.16,12.13 1 0
github.com/mathesukkj/gourl-shortener/sqlite/db.go:14.2,14.11 1 0
github.com/mathesukkj/gourl-shortener/sqlite/url.go:13.44,15.2 1 1
github.com/mathesukkj/gourl-shortener/sqlite/url.go:17.70,19.16 2 1
github.com/mathesukkj/gourl-shortener/sqlite/url.go:19.16,21.3 1 0
github.com/mathesukkj/gourl-shortener/sqlite/url.go:22.2,27.16 4 1
github.com/mathesukkj/gourl-shortener/sqlite/url.go:27.16,29.3 1 0
github.com/mathesukkj/gourl-shortener/sqlite/url.go:31.2,37.25 2 1
github.com/mathesukkj/gourl-shortener/sqlite/url.go:40.76,42.16 2 1
github.com/mathesukkj/gourl-shortener/sqlite/url.go:42.16,44.3 1 0
github.com/mathesukkj/gourl-shortener/sqlite/url.go:45.2,48.16 3 1
github.com/mathesukkj/gourl-shortener/sqlite/url.go:48.16,50.3 1 0
github.com/mathesukkj/gourl-shortener/sqlite/url.go:51.2,54.18 3 1
github.com/mathesukkj/gourl-shortener/sqlite/url.go:54.18,55.80 1 1
github.com/mathesukkj/gourl-shortener/sqlite/url.go:55.80,57.4 1 0
github.com/mathesukkj/gourl-shortener/sqlite/url.go:60.2,60.18 1 1
github.com/mathesukkj/gourl-shortener/sqlite/url.go:63.76,71.16 2 1
github.com/mathesukkj/gourl-shortener/sqlite/url.go:71.16,73.3 1 0
github.com/mathesukkj/gourl-shortener/sqlite/url.go:75.2,76.16 2 1
github.com/mathesukkj/gourl-shortener/sqlite/url.go:76.16,78.3 1 0
github.com/mathesukkj/gourl-shortener/sqlite/url.go:80.2,80.20 1 1
